0 info it worked if it ends with ok
1 verbose cli [ 'node', '/usr/local/bin/npm', 'publish' ]
2 info using npm@1.4.3
3 info using node@v0.10.26
4 verbose publish [ '.' ]
5 verbose cache add [ '.', null ]
6 verbose cache add name=undefined spec="." args=[".",null]
7 verbose parsed url { protocol: null,
7 verbose parsed url   slashes: null,
7 verbose parsed url   auth: null,
7 verbose parsed url   host: null,
7 verbose parsed url   port: null,
7 verbose parsed url   hostname: null,
7 verbose parsed url   hash: null,
7 verbose parsed url   search: null,
7 verbose parsed url   query: null,
7 verbose parsed url   pathname: '.',
7 verbose parsed url   path: '.',
7 verbose parsed url   href: '.' }
8 silly lockFile 3a52ce78- .
9 verbose lock . /Users/anthony/.npm/3a52ce78-.lock
10 verbose tar pack [ '/var/folders/wd/m0j03t_52cz0syz6fk0yn86h0000gq/T/npm-4394-ylyLbmaR/1413556993097-0.2077920336741954/tmp.tgz',
10 verbose tar pack   '.' ]
11 verbose tarball /var/folders/wd/m0j03t_52cz0syz6fk0yn86h0000gq/T/npm-4394-ylyLbmaR/1413556993097-0.2077920336741954/tmp.tgz
12 verbose folder .
13 info prepublish slush-relish-phaser-project@0.3.7
14 silly lockFile 1f1177db-tar tar://.
15 verbose lock tar://. /Users/anthony/.npm/1f1177db-tar.lock
16 silly lockFile 02b25b2f-93097-0-2077920336741954-tmp-tgz tar:///var/folders/wd/m0j03t_52cz0syz6fk0yn86h0000gq/T/npm-4394-ylyLbmaR/1413556993097-0.2077920336741954/tmp.tgz
17 verbose lock tar:///var/folders/wd/m0j03t_52cz0syz6fk0yn86h0000gq/T/npm-4394-ylyLbmaR/1413556993097-0.2077920336741954/tmp.tgz /Users/anthony/.npm/02b25b2f-93097-0-2077920336741954-tmp-tgz.lock
18 silly lockFile 1f1177db-tar tar://.
19 silly lockFile 1f1177db-tar tar://.
20 silly lockFile 02b25b2f-93097-0-2077920336741954-tmp-tgz tar:///var/folders/wd/m0j03t_52cz0syz6fk0yn86h0000gq/T/npm-4394-ylyLbmaR/1413556993097-0.2077920336741954/tmp.tgz
21 silly lockFile 02b25b2f-93097-0-2077920336741954-tmp-tgz tar:///var/folders/wd/m0j03t_52cz0syz6fk0yn86h0000gq/T/npm-4394-ylyLbmaR/1413556993097-0.2077920336741954/tmp.tgz
22 verbose tar unpack /var/folders/wd/m0j03t_52cz0syz6fk0yn86h0000gq/T/npm-4394-ylyLbmaR/1413556993097-0.2077920336741954/tmp.tgz
23 silly lockFile b46a9cac-93097-0-2077920336741954-package tar:///var/folders/wd/m0j03t_52cz0syz6fk0yn86h0000gq/T/npm-4394-ylyLbmaR/1413556993097-0.2077920336741954/package
24 verbose lock tar:///var/folders/wd/m0j03t_52cz0syz6fk0yn86h0000gq/T/npm-4394-ylyLbmaR/1413556993097-0.2077920336741954/package /Users/anthony/.npm/b46a9cac-93097-0-2077920336741954-package.lock
25 silly lockFile 02b25b2f-93097-0-2077920336741954-tmp-tgz tar:///var/folders/wd/m0j03t_52cz0syz6fk0yn86h0000gq/T/npm-4394-ylyLbmaR/1413556993097-0.2077920336741954/tmp.tgz
26 verbose lock tar:///var/folders/wd/m0j03t_52cz0syz6fk0yn86h0000gq/T/npm-4394-ylyLbmaR/1413556993097-0.2077920336741954/tmp.tgz /Users/anthony/.npm/02b25b2f-93097-0-2077920336741954-tmp-tgz.lock
27 silly gunzTarPerm modes [ '755', '644' ]
28 silly gunzTarPerm extractEntry package.json
29 silly gunzTarPerm extractEntry .npmignore
30 silly gunzTarPerm extractEntry README.md
31 silly gunzTarPerm extractEntry slushfile.js
32 silly gunzTarPerm extractEntry bin/phaser
33 silly gunzTarPerm extractEntry .editorconfig
34 silly gunzTarPerm extractEntry .idea/.name
35 silly gunzTarPerm extractEntry .idea/encodings.xml
36 silly gunzTarPerm extractEntry .idea/misc.xml
37 silly gunzTarPerm extractEntry .idea/modules.xml
38 silly gunzTarPerm extractEntry .idea/scopes/scope_settings.xml
39 silly gunzTarPerm extractEntry .idea/slush-phaser-project.iml
40 silly gunzTarPerm extractEntry .idea/vcs.xml
41 silly gunzTarPerm extractEntry .idea/watcherTasks.xml
42 silly gunzTarPerm extractEntry .idea/workspace.xml
43 silly gunzTarPerm extractEntry commands/cli.js
44 silly gunzTarPerm extractEntry commands/commands.js
45 silly gunzTarPerm extractEntry commands/generate.js
46 silly gunzTarPerm extractEntry generators/sprite-class.js
47 silly gunzTarPerm extractEntry generators/sprite.js
48 silly gunzTarPerm extractEntry generators/state-class.js
49 silly gunzTarPerm extractEntry generators/state.js
50 silly gunzTarPerm extractEntry CHANGELOG.md
51 silly gunzTarPerm extractEntry CONTRIBUTING.md
52 silly gunzTarPerm extractEntry templates/package.json
53 silly gunzTarPerm extractEntry templates/README.md
54 silly gunzTarPerm extractEntry templates/gulpfile.js
55 silly gunzTarPerm extractEntry templates/_editorconfig
56 silly gunzTarPerm extractEntry templates/_gitignore
57 silly gunzTarPerm extractEntry templates/_jshintrc
58 silly gunzTarPerm extractEntry templates/assets/app.manifest
59 silly gunzTarPerm extractEntry templates/assets/browserconfig.xml
60 silly gunzTarPerm extractEntry templates/assets/favicon.ico
61 silly gunzTarPerm extractEntry templates/assets/icon/favicon-160x160.png
62 silly gunzTarPerm extractEntry templates/assets/icon/apple-touch-icon-114x114.png
63 silly gunzTarPerm extractEntry templates/assets/icon/apple-touch-icon-144x144.png
64 silly gunzTarPerm extractEntry templates/assets/icon/apple-touch-icon-152x152.png
65 silly gunzTarPerm extractEntry templates/assets/icon/apple-touch-icon-57x57.png
66 silly gunzTarPerm extractEntry templates/assets/icon/apple-touch-icon-60x60.png
67 silly gunzTarPerm extractEntry templates/assets/icon/apple-touch-icon-72x72.png
68 silly gunzTarPerm extractEntry templates/assets/icon/apple-touch-icon-76x76.png
69 silly gunzTarPerm extractEntry templates/assets/icon/apple-touch-icon-precomposed.png
70 silly gunzTarPerm extractEntry templates/assets/icon/apple-touch-icon.png
71 silly gunzTarPerm extractEntry templates/assets/icon/apple-touch-icon-120x120.png
72 silly gunzTarPerm extractEntry templates/assets/icon/favicon-16x16.png
73 silly gunzTarPerm extractEntry templates/assets/icon/favicon-196x196.png
74 silly gunzTarPerm extractEntry templates/assets/icon/favicon-32x32.png
75 silly gunzTarPerm extractEntry templates/assets/icon/favicon-96x96.png
76 silly gunzTarPerm extractEntry templates/assets/icon/mstile-144x144.png
77 silly gunzTarPerm extractEntry templates/assets/icon/mstile-150x150.png
78 silly gunzTarPerm extractEntry templates/assets/icon/mstile-310x150.png
79 silly gunzTarPerm extractEntry templates/assets/icon/mstile-310x310.png
80 silly gunzTarPerm extractEntry templates/assets/icon/mstile-70x70.png
81 silly gunzTarPerm extractEntry templates/bower.json
82 silly gunzTarPerm extractEntry templates/gulp/tasks/build.js
83 silly gunzTarPerm extractEntry templates/gulp/tasks/default.js
84 silly gunzTarPerm extractEntry templates/gulp/tasks/html.js
85 silly gunzTarPerm extractEntry templates/gulp/tasks/lint.js
86 silly gunzTarPerm extractEntry templates/gulp/tasks/minifyCss.js
87 silly gunzTarPerm extractEntry templates/gulp/tasks/compile.js
88 silly gunzTarPerm extractEntry templates/gulp/tasks/processHtml.js
89 silly gunzTarPerm extractEntry templates/gulp/tasks/scripts.js
90 silly gunzTarPerm extractEntry templates/gulp/tasks/server.js
91 silly gunzTarPerm extractEntry templates/gulp/tasks/styles.js
92 silly gunzTarPerm extractEntry templates/gulp/tasks/uglify.js
93 silly gunzTarPerm extractEntry templates/gulp/tasks/clean.js
94 silly gunzTarPerm extractEntry templates/gulp/tasks/watch.js
95 silly gunzTarPerm extractEntry templates/gulp/tasks/processAssets.js
96 silly gunzTarPerm extractEntry templates/gulp/util/handleErrors.js
97 silly gunzTarPerm extractEntry templates/src/index.html
98 silly gunzTarPerm extractEntry templates/src/less/styles.less
99 silly gunzTarPerm extractEntry templates/src/scripts/global.js
100 silly gunzTarPerm extractEntry templates/src/scripts/main.js
101 silly gunzTarPerm extractEntry templates/src/scripts/states/boot.js
102 silly gunzTarPerm extractEntry templates/src/scripts/states/game.js
103 silly gunzTarPerm extractEntry templates/src/scripts/states/menu.js
104 silly gunzTarPerm extractEntry templates/src/scripts/states/preload.js
105 silly gunzTarPerm extractEntry templates/src/scripts/utils/analytics.js
106 silly lockFile b46a9cac-93097-0-2077920336741954-package tar:///var/folders/wd/m0j03t_52cz0syz6fk0yn86h0000gq/T/npm-4394-ylyLbmaR/1413556993097-0.2077920336741954/package
107 silly lockFile b46a9cac-93097-0-2077920336741954-package tar:///var/folders/wd/m0j03t_52cz0syz6fk0yn86h0000gq/T/npm-4394-ylyLbmaR/1413556993097-0.2077920336741954/package
108 silly lockFile 02b25b2f-93097-0-2077920336741954-tmp-tgz tar:///var/folders/wd/m0j03t_52cz0syz6fk0yn86h0000gq/T/npm-4394-ylyLbmaR/1413556993097-0.2077920336741954/tmp.tgz
109 silly lockFile 02b25b2f-93097-0-2077920336741954-tmp-tgz tar:///var/folders/wd/m0j03t_52cz0syz6fk0yn86h0000gq/T/npm-4394-ylyLbmaR/1413556993097-0.2077920336741954/tmp.tgz
110 verbose tar pack [ '/Users/anthony/.npm/slush-relish-phaser-project/0.3.7/package.tgz',
110 verbose tar pack   '/var/folders/wd/m0j03t_52cz0syz6fk0yn86h0000gq/T/npm-4394-ylyLbmaR/1413556993097-0.2077920336741954/package' ]
111 verbose tarball /Users/anthony/.npm/slush-relish-phaser-project/0.3.7/package.tgz
112 verbose folder /var/folders/wd/m0j03t_52cz0syz6fk0yn86h0000gq/T/npm-4394-ylyLbmaR/1413556993097-0.2077920336741954/package
113 silly lockFile b46a9cac-93097-0-2077920336741954-package tar:///var/folders/wd/m0j03t_52cz0syz6fk0yn86h0000gq/T/npm-4394-ylyLbmaR/1413556993097-0.2077920336741954/package
114 verbose lock tar:///var/folders/wd/m0j03t_52cz0syz6fk0yn86h0000gq/T/npm-4394-ylyLbmaR/1413556993097-0.2077920336741954/package /Users/anthony/.npm/b46a9cac-93097-0-2077920336741954-package.lock
115 silly lockFile 5800f79a-phaser-project-0-3-7-package-tgz tar:///Users/anthony/.npm/slush-relish-phaser-project/0.3.7/package.tgz
116 verbose lock tar:///Users/anthony/.npm/slush-relish-phaser-project/0.3.7/package.tgz /Users/anthony/.npm/5800f79a-phaser-project-0-3-7-package-tgz.lock
117 silly lockFile b46a9cac-93097-0-2077920336741954-package tar:///var/folders/wd/m0j03t_52cz0syz6fk0yn86h0000gq/T/npm-4394-ylyLbmaR/1413556993097-0.2077920336741954/package
118 silly lockFile b46a9cac-93097-0-2077920336741954-package tar:///var/folders/wd/m0j03t_52cz0syz6fk0yn86h0000gq/T/npm-4394-ylyLbmaR/1413556993097-0.2077920336741954/package
119 silly lockFile 5800f79a-phaser-project-0-3-7-package-tgz tar:///Users/anthony/.npm/slush-relish-phaser-project/0.3.7/package.tgz
120 silly lockFile 5800f79a-phaser-project-0-3-7-package-tgz tar:///Users/anthony/.npm/slush-relish-phaser-project/0.3.7/package.tgz
121 silly lockFile ea667b72-ish-phaser-project-0-3-7-package /Users/anthony/.npm/slush-relish-phaser-project/0.3.7/package
122 verbose lock /Users/anthony/.npm/slush-relish-phaser-project/0.3.7/package /Users/anthony/.npm/ea667b72-ish-phaser-project-0-3-7-package.lock
123 silly lockFile ea667b72-ish-phaser-project-0-3-7-package /Users/anthony/.npm/slush-relish-phaser-project/0.3.7/package
124 silly lockFile ea667b72-ish-phaser-project-0-3-7-package /Users/anthony/.npm/slush-relish-phaser-project/0.3.7/package
125 verbose tar unpack /Users/anthony/.npm/slush-relish-phaser-project/0.3.7/package.tgz
126 silly lockFile 889c1812-ish-phaser-project-0-3-7-package tar:///Users/anthony/.npm/slush-relish-phaser-project/0.3.7/package
127 verbose lock tar:///Users/anthony/.npm/slush-relish-phaser-project/0.3.7/package /Users/anthony/.npm/889c1812-ish-phaser-project-0-3-7-package.lock
128 silly lockFile 5800f79a-phaser-project-0-3-7-package-tgz tar:///Users/anthony/.npm/slush-relish-phaser-project/0.3.7/package.tgz
129 verbose lock tar:///Users/anthony/.npm/slush-relish-phaser-project/0.3.7/package.tgz /Users/anthony/.npm/5800f79a-phaser-project-0-3-7-package-tgz.lock
130 silly gunzTarPerm modes [ '755', '644' ]
131 silly gunzTarPerm extractEntry package.json
132 silly gunzTarPerm extractEntry .npmignore
133 silly gunzTarPerm extractEntry README.md
134 silly gunzTarPerm extractEntry slushfile.js
135 silly gunzTarPerm extractEntry bin/phaser
136 silly gunzTarPerm extractEntry .editorconfig
137 silly gunzTarPerm extractEntry .idea/.name
138 silly gunzTarPerm extractEntry .idea/encodings.xml
139 silly gunzTarPerm extractEntry .idea/misc.xml
140 silly gunzTarPerm extractEntry .idea/modules.xml
141 silly gunzTarPerm extractEntry .idea/scopes/scope_settings.xml
142 silly gunzTarPerm extractEntry .idea/slush-phaser-project.iml
143 silly gunzTarPerm extractEntry .idea/vcs.xml
144 silly gunzTarPerm extractEntry .idea/watcherTasks.xml
145 silly gunzTarPerm extractEntry .idea/workspace.xml
146 silly gunzTarPerm extractEntry commands/cli.js
147 silly gunzTarPerm extractEntry commands/commands.js
148 silly gunzTarPerm extractEntry commands/generate.js
149 silly gunzTarPerm extractEntry generators/sprite-class.js
150 silly gunzTarPerm extractEntry generators/sprite.js
151 silly gunzTarPerm extractEntry generators/state-class.js
152 silly gunzTarPerm extractEntry generators/state.js
153 silly gunzTarPerm extractEntry CHANGELOG.md
154 silly gunzTarPerm extractEntry CONTRIBUTING.md
155 silly gunzTarPerm extractEntry templates/package.json
156 silly gunzTarPerm extractEntry templates/README.md
157 silly gunzTarPerm extractEntry templates/gulpfile.js
158 silly gunzTarPerm extractEntry templates/_editorconfig
159 silly gunzTarPerm extractEntry templates/_gitignore
160 silly gunzTarPerm extractEntry templates/_jshintrc
161 silly gunzTarPerm extractEntry templates/assets/app.manifest
162 silly gunzTarPerm extractEntry templates/assets/browserconfig.xml
163 silly gunzTarPerm extractEntry templates/assets/favicon.ico
164 silly gunzTarPerm extractEntry templates/assets/icon/favicon-160x160.png
165 silly gunzTarPerm extractEntry templates/assets/icon/apple-touch-icon-114x114.png
166 silly gunzTarPerm extractEntry templates/assets/icon/apple-touch-icon-144x144.png
167 silly gunzTarPerm extractEntry templates/assets/icon/apple-touch-icon-152x152.png
168 silly gunzTarPerm extractEntry templates/assets/icon/apple-touch-icon-57x57.png
169 silly gunzTarPerm extractEntry templates/assets/icon/apple-touch-icon-60x60.png
170 silly gunzTarPerm extractEntry templates/assets/icon/apple-touch-icon-72x72.png
171 silly gunzTarPerm extractEntry templates/assets/icon/apple-touch-icon-76x76.png
172 silly gunzTarPerm extractEntry templates/assets/icon/apple-touch-icon-precomposed.png
173 silly gunzTarPerm extractEntry templates/assets/icon/apple-touch-icon.png
174 silly gunzTarPerm extractEntry templates/assets/icon/apple-touch-icon-120x120.png
175 silly gunzTarPerm extractEntry templates/assets/icon/favicon-16x16.png
176 silly gunzTarPerm extractEntry templates/assets/icon/favicon-196x196.png
177 silly gunzTarPerm extractEntry templates/assets/icon/favicon-32x32.png
178 silly gunzTarPerm extractEntry templates/assets/icon/favicon-96x96.png
179 silly gunzTarPerm extractEntry templates/assets/icon/mstile-144x144.png
180 silly gunzTarPerm extractEntry templates/assets/icon/mstile-150x150.png
181 silly gunzTarPerm extractEntry templates/assets/icon/mstile-310x150.png
182 silly gunzTarPerm extractEntry templates/assets/icon/mstile-310x310.png
183 silly gunzTarPerm extractEntry templates/assets/icon/mstile-70x70.png
184 silly gunzTarPerm extractEntry templates/bower.json
185 silly gunzTarPerm extractEntry templates/gulp/tasks/build.js
186 silly gunzTarPerm extractEntry templates/gulp/tasks/default.js
187 silly gunzTarPerm extractEntry templates/gulp/tasks/html.js
188 silly gunzTarPerm extractEntry templates/gulp/tasks/lint.js
189 silly gunzTarPerm extractEntry templates/gulp/tasks/minifyCss.js
190 silly gunzTarPerm extractEntry templates/gulp/tasks/compile.js
191 silly gunzTarPerm extractEntry templates/gulp/tasks/processHtml.js
192 silly gunzTarPerm extractEntry templates/gulp/tasks/scripts.js
193 silly gunzTarPerm extractEntry templates/gulp/tasks/server.js
194 silly gunzTarPerm extractEntry templates/gulp/tasks/styles.js
195 silly gunzTarPerm extractEntry templates/gulp/tasks/uglify.js
196 silly gunzTarPerm extractEntry templates/gulp/tasks/clean.js
197 silly gunzTarPerm extractEntry templates/gulp/tasks/watch.js
198 silly gunzTarPerm extractEntry templates/gulp/tasks/processAssets.js
199 silly gunzTarPerm extractEntry templates/gulp/util/handleErrors.js
200 silly gunzTarPerm extractEntry templates/src/index.html
201 silly gunzTarPerm extractEntry templates/src/less/styles.less
202 silly gunzTarPerm extractEntry templates/src/scripts/global.js
203 silly gunzTarPerm extractEntry templates/src/scripts/main.js
204 silly gunzTarPerm extractEntry templates/src/scripts/states/boot.js
205 silly gunzTarPerm extractEntry templates/src/scripts/states/game.js
206 silly gunzTarPerm extractEntry templates/src/scripts/states/menu.js
207 silly gunzTarPerm extractEntry templates/src/scripts/states/preload.js
208 silly gunzTarPerm extractEntry templates/src/scripts/utils/analytics.js
209 silly lockFile 889c1812-ish-phaser-project-0-3-7-package tar:///Users/anthony/.npm/slush-relish-phaser-project/0.3.7/package
210 silly lockFile 889c1812-ish-phaser-project-0-3-7-package tar:///Users/anthony/.npm/slush-relish-phaser-project/0.3.7/package
211 silly lockFile 5800f79a-phaser-project-0-3-7-package-tgz tar:///Users/anthony/.npm/slush-relish-phaser-project/0.3.7/package.tgz
212 silly lockFile 5800f79a-phaser-project-0-3-7-package-tgz tar:///Users/anthony/.npm/slush-relish-phaser-project/0.3.7/package.tgz
213 verbose chmod /Users/anthony/.npm/slush-relish-phaser-project/0.3.7/package.tgz 644
214 verbose chown /Users/anthony/.npm/slush-relish-phaser-project/0.3.7/package.tgz [ 503, 20 ]
215 silly lockFile 3a52ce78- .
216 silly lockFile 3a52ce78- .
217 silly publish { name: 'slush-relish-phaser-project',
217 silly publish   version: '0.3.7',
217 silly publish   description: 'A slush generator for createing phaser games using es6 module system - forked from pixelpicosean/slush-phaser-project',
217 silly publish   keywords: [ 'slushgenerator', 'phaser', 'es6', 'browser-sync' ],
217 silly publish   author: { name: 'Anthony Sapp', email: 'anthony@reli.sh' },
217 silly publish   repository:
217 silly publish    { type: 'git',
217 silly publish      url: 'https://github.com/anthonysapp/slush-phaser-project' },
217 silly publish   bugs: { url: 'https://github.com/anthonysapp/slush-phaser-project/issues' },
217 silly publish   licence: 'MIT',
217 silly publish   main: 'src/commands/cli',
217 silly publish   preferGlobal: 'true',
217 silly publish   bin: { phaser: './bin/phaser' },
217 silly publish   engines: { node: '>=0.10.0' },
217 silly publish   dependencies:
217 silly publish    { commander: '^2.3.0',
217 silly publish      gulp: '3.8.7',
217 silly publish      'gulp-conflict': '0.2.0',
217 silly publish      'gulp-filter': '1.0.0',
217 silly publish      'gulp-install': '0.2.0',
217 silly publish      'gulp-rename': '1.2.0',
217 silly publish      'gulp-replace': '^0.4.0',
217 silly publish      'gulp-template': '1.0.0',
217 silly publish      'gulp-util': '^3.0.0',
217 silly publish      inquirer: '0.6.0',
217 silly publish      minimist: '^1.1.0',
217 silly publish      tildify: '^1.0.0' },
217 silly publish   readme: '# Phaser Slush Generator\n\n[![NPM](https://nodei.co/npm/slush-phaser-project.png?global=true)](https://nodei.co/npm/slush-phaser-project/)\n\n[![NPM version][npm-image]][npm-url]    [![Dependency Status][dependency-image]][dependency-url]\n\n> A starting point to build a game with [Phaser][phaser], using "ES6 modules" to organise your code.\n\n## Features\n\n- easy workflow lets you focus on crafting awesome games\n- ES6 features supported\n- Scene(state) and prefab generator\n- Simple class system\n- gulp (a build tool of choice) build insanely fast via node stream api\n- lighting fast development rebuild system\n- live reload on all resources\n- deploy with one line command\n\nFrameworks and tools used to make it possible:\n\n- [Node.js][node]: makes anything possible :D\n- [Slush][slush]: generates whole project\n- [Gulp][gulp]: constructs your work flow\n- [Phaser][phaser]: lets you craft awesome games\n- [Traceur][traceur]: organises your code in future format\n- [BrowserSync][browsersync]: for automatically dev reload\n- [Google Analytics][analytics]: lets you track informations from players\n\n## Pre-requisites\n\nYou will need to have [node][node], [gulp][gulp] and [slush][slush] setup on your machine.\n\n## How to install\n\nSimply run the following command:\n```\nnpm install -g slush-phaser-project\n```\n\n## Getting started\n\n### Basic\n\nNavigate to where you want to develop your game (you can create a new folder too if you like).\n\n```sh\n$ cd /path/to/folder\n$ mkdir phaser-game\n$ cd ./phaser-game\n```\n\nThen call the [slush][slush] template to begin.\n\n```sh\n$ slush phaser-project\n```\n\nFinally run [gulp][gulp] to launch a server.\n\n```sh\n$ gulp\n```\n\n### Generator\n\nAfter installed there should be a `phaser` command in your PATH, try `phaser --version` to check it.\nNow there\'s only generator support from the cli command, maybe project or some other features will be added, but I dont have any idea about that. *Feel free to tell me what you think :D*\n\n**NOTE:** to make generator work as you want, please locate to **`GAME_ROOT`** instead of **`GAME_ROOT/project`**.\n\n    phaser [command] [options]\n\n    Commands:\n        g|generate         // Generate a new state/prefab with ES6 support\n\n    Options:\n        -h, --help     output usage information\n        -V, --version  output the version number\n\n    Command-Specific Help:\n        phaser [command] --help\n\n#### Sample Usage\n\nGenerate a new state called `Credits`:\n```sh\nphaser g state:credits\n```\n\nGenerate a new sprite prefab `Trigger`:\n```sh\nphaser g sprite:trigger\n```\n\nGenerate a new sprite prefab `Radar` in `prefabs/triggers` folder:\n```sh\nphaser g sprite:triggers/radar\n```\n\n## Workflow\n\n> The workflow introduced below is recommended but not forced which will just make your life easier :D\n\nThere\'re 2 folders **"design"** and **"media"** created at root path, both of them are empty by default.\n\nThe **"design"** folder is made for your game design docs, graphs and sketches.\n\nThe **"media"** folder is for your original assets(ai, psd, wav...). You may process them with tools like TexturePacker, Audacity... to phaser friendly formats(png, ogg...) and put them into `static/assets` for use.\n\nWhen **editing source code**, make sure you update the files within the `project` directory. These files will then be compiled and reload for developing or compressed and added to the `dist` directory for publishing.\n\nECMAScript 6 features are supported with help of [Traceur][Traceur]. This means you can write code with syntax which is going to be supported officially by Phaser 3.\n\n### Analytics\n\nGoogle analytics have been included so that you can track user actions. This is useful for seeing how far the user gets, which in turn will alert you to any bugs or levels that are impossible to complete.\n\nTo track an event, just add the following code anywhere in your game:\n\n``` javascript\ngame.analytics.trackEvent(\'action\', \'label\', \'value\');\n```\n\nOnly the action is required, but you may want to add extra options, such as health, level or simply what just happend.\n\n## Why ES6?\n\n> "Perhaps by early 2015 we ought to be looking at going purely ES6? Moving to using more advanced native browser features like Object.observe and Promises." -- Richard, the author of Phaser.io\n\n## TODO\nSee [Issues][issues] and [Milestones][milestones]\n\nHappy coding!\n\n---\n\nThe MIT License (MIT)\n\nCopyright (c) 2014 Sean Bohan\n\nPermission is hereby granted, free of charge, to any person obtaining a copy\nof this software and associated documentation files (the "Software"), to deal\nin the Software without restriction, including without limitation the rights\nto use, copy, modify, merge, publish, distribute, sublicense, and/or sell\ncopies of the Software, and to permit persons to whom the Software is\nfurnished to do so, subject to the following conditions:\n\nThe above copyright notice and this permission notice shall be included in\nall copies or substantial portions of the Software.\n\nTHE SOFTWARE IS PROVIDED "AS IS", WITHOUT WARRANTY OF ANY KIND, EXPRESS OR\nIMPLIED, INCLUDING BUT NOT LIMITED TO THE WARRANTIES OF MERCHANTABILITY,\nFITNESS FOR A PARTICULAR PURPOSE AND NONINFRINGEMENT. IN NO EVENT SHALL THE\nAUTHORS OR COPYRIGHT HOLDERS BE LIABLE FOR ANY CLAIM, DAMAGES OR OTHER\nLIABILITY, WHETHER IN AN ACTION OF CONTRACT, TORT OR OTHERWISE, ARISING FROM,\nOUT OF OR IN CONNECTION WITH THE SOFTWARE OR THE USE OR OTHER DEALINGS IN\nTHE SOFTWARE.\n\n[node]:         http://nodejs.org/\n[gulp]:         http://gulpjs.com/\n[slush]:        https://github.com/klei/slush\n[browsersync]:  http://www.browsersync.io/\n[phaser]:       http://phaser.io/\n[traceur]:      https://github.com/google/traceur-compiler\n[analytics]:    http://www.google.com/analytics/\n\n[npm-url]: https://www.npmjs.org/package/slush-phaser-project\n[npm-image]: http://img.shields.io/npm/v/npm.svg\n\n[dependency-image]: http://img.shields.io/david/strongloop/express.svg\n[dependency-url]: https://david-dm.org/pixelpicosean/slush-phaser-project\n\n[issues]: https://github.com/pixelpicosean/slush-phaser-project/issues\n[milestones]: https://github.com/pixelpicosean/slush-phaser-project/milestones\n',
217 silly publish   readmeFilename: 'README.md',
217 silly publish   homepage: 'https://github.com/anthonysapp/slush-phaser-project',
217 silly publish   _id: 'slush-relish-phaser-project@0.3.7',
217 silly publish   dist: { shasum: '5d97188944cefa3f70f8874127520022d05f9c34' },
217 silly publish   _from: '.' }
218 verbose url raw slush-relish-phaser-project
219 verbose url resolving [ 'https://registry.npmjs.org/',
219 verbose url resolving   './slush-relish-phaser-project' ]
220 verbose url resolved https://registry.npmjs.org/slush-relish-phaser-project
221 info trying registry request attempt 1 at 10:43:13
222 http PUT https://registry.npmjs.org/slush-relish-phaser-project
223 http 403 https://registry.npmjs.org/slush-relish-phaser-project
224 error publish Failed PUT 403
225 error Error: forbidden cannot modify pre-existing version: 0.3.7
225 error old={"name":"slush-relish-phaser-project","version":"0.3.7","description":"A slush generator for createing phaser games using es6 module system - forked from pixelpicosean/slush-phaser-project","keywords":["slushgenerator","phaser","es6","browser-sync"],"author":{"name":"Anthony Sapp","email":"anthony@reli.sh"},"repository":{"type":"git","url":"https://github.com/anthonysapp/slush-phaser-project"},"bugs":{"url":"https://github.com/anthonysapp/slush-phaser-project/issues"},"licence":"MIT","main":"src/commands/cli","preferGlobal":"true","bin":{"phaser":"./bin/phaser"},"engines":{"node":">=0.10.0"},"dependencies":{"commander":"^2.3.0","gulp":"3.8.7","gulp-conflict":"0.2.0","gulp-filter":"1.0.0","gulp-install":"0.2.0","gulp-rename":"1.2.0","gulp-replace":"^0.4.0","gulp-template":"1.0.0","gulp-util":"^3.0.0","inquirer":"0.6.0","minimist":"^1.1.0","tildify":"^1.0.0"},"homepage":"https://github.com/anthonysapp/slush-phaser-project","_id":"slush-relish-phaser-project@0.3.7","dist":{"shasum":"2e138c15199c55f80a363e2f4365c0b293cd72f8","tarball":"http://registry.npmjs.org/slush-relish-phaser-project/-/slush-relish-phaser-project-0.3.7.tgz"},"_from":".","_npmVersion":"1.4.3","_npmUser":{"name":"anthonysapp","email":"anthony@reli.sh"},"maintainers":[{"name":"anthonysapp","email":"anthony@reli.sh"}]}
225 error new={"name":"slush-relish-phaser-project","version":"0.3.7","description":"A slush generator for createing phaser games using es6 module system - forked from pixelpicosean/slush-phaser-project","keywords":["slushgenerator","phaser","es6","browser-sync"],"author":{"name":"Anthony Sapp","email":"anthony@reli.sh"},"repository":{"type":"git","url":"https://github.com/anthonysapp/slush-phaser-project"},"bugs":{"url":"https://github.com/anthonysapp/slush-phaser-project/issues"},"licence":"MIT","main":"src/commands/cli","preferGlobal":"true","bin":{"phaser":"./bin/phaser"},"engines":{"node":">=0.10.0"},"dependencies":{"commander":"^2.3.0","gulp":"3.8.7","gulp-conflict":"0.2.0","gulp-filter":"1.0.0","gulp-install":"0.2.0","gulp-rename":"1.2.0","gulp-replace":"^0.4.0","gulp-template":"1.0.0","gulp-util":"^3.0.0","inquirer":"0.6.0","minimist":"^1.1.0","tildify":"^1.0.0"},"readme":"# Phaser Slush Generator\u000a\u000a[![NPM](https://nodei.co/npm/slush-phaser-project.png?global=true)](https://nodei.co/npm/slush-phaser-project/)\u000a\u000a[![NPM version][npm-image]][npm-url]    [![Dependency Status][dependency-image]][dependency-url]\u000a\u000a> A starting point to build a game with [Phaser][phaser], using \"ES6 modules\" to organise your code.\u000a\u000a## Features\u000a\u000a- easy workflow lets you focus on crafting awesome games\u000a- ES6 features supported\u000a- Scene(state) and prefab generator\u000a- Simple class system\u000a- gulp (a build tool of choice) build insanely fast via node stream api\u000a- lighting fast development rebuild system\u000a- live reload on all resources\u000a- deploy with one line command\u000a\u000aFrameworks and tools used to make it possible:\u000a\u000a- [Node.js][node]: makes anything possible :D\u000a- [Slush][slush]: generates whole project\u000a- [Gulp][gulp]: constructs your work flow\u000a- [Phaser][phaser]: lets you craft awesome games\u000a- [Traceur][traceur]: organises your code in future format\u000a- [BrowserSync][browsersync]: for automatically dev reload\u000a- [Google Analytics][analytics]: lets you track informations from players\u000a\u000a## Pre-requisites\u000a\u000aYou will need to have [node][node], [gulp][gulp] and [slush][slush] setup on your machine.\u000a\u000a## How to install\u000a\u000aSimply run the following command:\u000a```\u000anpm install -g slush-phaser-project\u000a```\u000a\u000a## Getting started\u000a\u000a### Basic\u000a\u000aNavigate to where you want to develop your game (you can create a new folder too if you like).\u000a\u000a```sh\u000a$ cd /path/to/folder\u000a$ mkdir phaser-game\u000a$ cd ./phaser-game\u000a```\u000a\u000aThen call the [slush][slush] template to begin.\u000a\u000a```sh\u000a$ slush phaser-project\u000a```\u000a\u000aFinally run [gulp][gulp] to launch a server.\u000a\u000a```sh\u000a$ gulp\u000a```\u000a\u000a### Generator\u000a\u000aAfter installed there should be a `phaser` command in your PATH, try `phaser --version` to check it.\u000aNow there's only generator support from the cli command, maybe project or some other features will be added, but I dont have any idea about that. *Feel free to tell me what you think :D*\u000a\u000a**NOTE:** to make generator work as you want, please locate to **`GAME_ROOT`** instead of **`GAME_ROOT/project`**.\u000a\u000a    phaser [command] [options]\u000a\u000a    Commands:\u000a        g|generate         // Generate a new state/prefab with ES6 support\u000a\u000a    Options:\u000a        -h, --help     output usage information\u000a        -V, --version  output the version number\u000a\u000a    Command-Specific Help:\u000a        phaser [command] --help\u000a\u000a#### Sample Usage\u000a\u000aGenerate a new state called `Credits`:\u000a```sh\u000aphaser g state:credits\u000a```\u000a\u000aGenerate a new sprite prefab `Trigger`:\u000a```sh\u000aphaser g sprite:trigger\u000a```\u000a\u000aGenerate a new sprite prefab `Radar` in `prefabs/triggers` folder:\u000a```sh\u000aphaser g sprite:triggers/radar\u000a```\u000a\u000a## Workflow\u000a\u000a> The workflow introduced below is recommended but not forced which will just make your life easier :D\u000a\u000aThere're 2 folders **\"design\"** and **\"media\"** created at root path, both of them are empty by default.\u000a\u000aThe **\"design\"** folder is made for your game design docs, graphs and sketches.\u000a\u000aThe **\"media\"** folder is for your original assets(ai, psd, wav...). You may process them with tools like TexturePacker, Audacity... to phaser friendly formats(png, ogg...) and put them into `static/assets` for use.\u000a\u000aWhen **editing source code**, make sure you update the files within the `project` directory. These files will then be compiled and reload for developing or compressed and added to the `dist` directory for publishing.\u000a\u000aECMAScript 6 features are supported with help of [Traceur][Traceur]. This means you can write code with syntax which is going to be supported officially by Phaser 3.\u000a\u000a### Analytics\u000a\u000aGoogle analytics have been included so that you can track user actions. This is useful for seeing how far the user gets, which in turn will alert you to any bugs or levels that are impossible to complete.\u000a\u000aTo track an event, just add the following code anywhere in your game:\u000a\u000a``` javascript\u000agame.analytics.trackEvent('action', 'label', 'value');\u000a```\u000a\u000aOnly the action is required, but you may want to add extra options, such as health, level or simply what just happend.\u000a\u000a## Why ES6?\u000a\u000a> \"Perhaps by early 2015 we ought to be looking at going purely ES6? Moving to using more advanced native browser features like Object.observe and Promises.\" -- Richard, the author of Phaser.io\u000a\u000a## TODO\u000aSee [Issues][issues] and [Milestones][milestones]\u000a\u000aHappy coding!\u000a\u000a---\u000a\u000aThe MIT License (MIT)\u000a\u000aCopyright (c) 2014 Sean Bohan\u000a\u000aPermission is hereby granted, free of charge, to any person obtaining a copy\u000aof this software and associated documentation files (the \"Software\"), to deal\u000ain the Software without restriction, including without limitation the rights\u000ato use, copy, modify, merge, publish, distribute, sublicense, and/or sell\u000acopies of the Software, and to permit persons to whom the Software is\u000afurnished to do so, subject to the following conditions:\u000a\u000aThe above copyright notice and this permission notice shall be included in\u000aall copies or substantial portions of the Software.\u000a\u000aTHE SOFTWARE IS PROVIDED \"AS IS\", WITHOUT WARRANTY OF ANY KIND, EXPRESS OR\u000aIMPLIED, INCLUDING BUT NOT LIMITED TO THE WARRANTIES OF MERCHANTABILITY,\u000aFITNESS FOR A PARTICULAR PURPOSE AND NONINFRINGEMENT. IN NO EVENT SHALL THE\u000aAUTHORS OR COPYRIGHT HOLDERS BE LIABLE FOR ANY CLAIM, DAMAGES OR OTHER\u000aLIABILITY, WHETHER IN AN ACTION OF CONTRACT, TORT OR OTHERWISE, ARISING FROM,\u000aOUT OF OR IN CONNECTION WITH THE SOFTWARE OR THE USE OR OTHER DEALINGS IN\u000aTHE SOFTWARE.\u000a\u000a[node]:         http://nodejs.org/\u000a[gulp]:         http://gulpjs.com/\u000a[slush]:        https://github.com/klei/slush\u000a[browsersync]:  http://www.browsersync.io/\u000a[phaser]:       http://phaser.io/\u000a[traceur]:      https://github.com/google/traceur-compiler\u000a[analytics]:    http://www.google.com/analytics/\u000a\u000a[npm-url]: https://www.npmjs.org/package/slush-phaser-project\u000a[npm-image]: http://img.shields.io/npm/v/npm.svg\u000a\u000a[dependency-image]: http://img.shields.io/david/strongloop/express.svg\u000a[dependency-url]: https://david-dm.org/pixelpicosean/slush-phaser-project\u000a\u000a[issues]: https://github.com/pixelpicosean/slush-phaser-project/issues\u000a[milestones]: https://github.com/pixelpicosean/slush-phaser-project/milestones\u000a","readmeFilename":"README.md","homepage":"https://github.com/anthonysapp/slush-phaser-project","_id":"slush-relish-phaser-project@0.3.7","dist":{"shasum":"5d97188944cefa3f70f8874127520022d05f9c34","tarball":"http://registry.npmjs.org/slush-relish-phaser-project/-/slush-relish-phaser-project-0.3.7.tgz"},"_from":".","_npmVersion":"1.4.3","_npmUser":{"name":"anthonysapp","email":"anthony@reli.sh"},"maintainers":[{"name":"anthonysapp","email":"anthony@reli.sh"}]}: slush-relish-phaser-project
225 error     at RegClient.<anonymous> (/usr/local/lib/node_modules/npm/node_modules/npm-registry-client/lib/request.js:237:14)
225 error     at Request.self.callback (/usr/local/lib/node_modules/npm/node_modules/request/request.js:123:22)
225 error     at Request.EventEmitter.emit (events.js:98:17)
225 error     at Request.<anonymous> (/usr/local/lib/node_modules/npm/node_modules/request/request.js:893:14)
225 error     at Request.EventEmitter.emit (events.js:117:20)
225 error     at IncomingMessage.<anonymous> (/usr/local/lib/node_modules/npm/node_modules/request/request.js:844:12)
225 error     at IncomingMessage.EventEmitter.emit (events.js:117:20)
225 error     at _stream_readable.js:920:16
225 error     at process._tickCallback (node.js:415:13)
226 error If you need help, you may report this *entire* log,
226 error including the npm and node versions, at:
226 error     <http://github.com/npm/npm/issues>
227 error System Darwin 13.4.0
228 error command "node" "/usr/local/bin/npm" "publish"
229 error cwd /Applications/MAMP/htdocs/slush-phaser-project
230 error node -v v0.10.26
231 error npm -v 1.4.3
232 verbose exit [ 1, true ]
